<?xml version="1.0" encoding="UTF-8"?>
<testsuite name="com.nchain.controller.ScoresTest" tests="2" skipped="0" failures="0" errors="0" timestamp="2023-01-18T11:46:51" hostname="keudr" time="0.07">
  <properties/>
  <testcase name="addScore_validScoreValue_returnsCreatedAppDetail()" classname="com.nchain.controller.ScoresTest" time="0.056"/>
  <testcase name="addScore_invalidScoreValue_returnsHttp400()" classname="com.nchain.controller.ScoresTest" time="0.013"/>
  <system-out><![CDATA[2023-01-18 12:46:51.063  INFO 122968 --- [    Test worker] .b.t.c.SpringBootTestContextBootstrapper : Neither @ContextConfiguration nor @ContextHierarchy found for test class [com.nchain.controller.ScoresTest], using SpringBootContextLoader
2023-01-18 12:46:51.063  INFO 122968 --- [    Test worker] o.s.t.c.support.AbstractContextLoader    : Could not detect default resource locations for test class [com.nchain.controller.ScoresTest]: no resource found for suffixes {-context.xml, Context.groovy}.
2023-01-18 12:46:51.063  INFO 122968 --- [    Test worker] t.c.s.AnnotationConfigContextLoaderUtils : Could not detect default configuration classes for test class [com.nchain.controller.ScoresTest]: ScoresTest does not declare any static, non-private, non-final, nested classes annotated with @Configuration.
2023-01-18 12:46:51.064  INFO 122968 --- [    Test worker] .b.t.c.SpringBootTestContextBootstrapper : Found @SpringBootConfiguration com.nchain.SpringBootApplication for test class com.nchain.controller.ScoresTest
2023-01-18 12:46:51.065  INFO 122968 --- [    Test worker] .b.t.c.SpringBootTestContextBootstrapper : Loaded default TestExecutionListener class names from location [META-INF/spring.factories]: [org.springframework.boot.test.autoconfigure.restdocs.RestDocsTestExecutionListener, org.springframework.boot.test.autoconfigure.web.client.MockRestServiceServerResetTestExecutionListener, org.springframework.boot.test.autoconfigure.web.servlet.MockMvcPrintOnlyOnFailureTestExecutionListener, org.springframework.boot.test.autoconfigure.web.servlet.WebDriverTestExecutionListener, org.springframework.boot.test.autoconfigure.webservices.client.MockWebServiceServerTestExecutionListener, org.springframework.boot.test.mock.mockito.MockitoTestExecutionListener, org.springframework.boot.test.mock.mockito.ResetMocksTestExecutionListener, org.springframework.test.context.web.ServletTestExecutionListener, org.springframework.test.context.support.DirtiesContextBeforeModesTestExecutionListener, org.springframework.test.context.event.ApplicationEventsTestExecutionListener, org.springframework.test.context.support.DependencyInjectionTestExecutionListener, org.springframework.test.context.support.DirtiesContextTestExecutionListener, org.springframework.test.context.transaction.TransactionalTestExecutionListener, org.springframework.test.context.jdbc.SqlScriptsTestExecutionListener, org.springframework.test.context.event.EventPublishingTestExecutionListener]
2023-01-18 12:46:51.065  INFO 122968 --- [    Test worker] .b.t.c.SpringBootTestContextBootstrapper : Using TestExecutionListeners: [org.springframework.test.context.web.ServletTestExecutionListener@c92d694, org.springframework.test.context.support.DirtiesContextBeforeModesTestExecutionListener@5cfb4b71, org.springframework.test.context.event.ApplicationEventsTestExecutionListener@b517988, org.springframework.boot.test.mock.mockito.MockitoTestExecutionListener@7cb7ca06, org.springframework.boot.test.autoconfigure.SpringBootDependencyInjectionTestExecutionListener@660b8572, org.springframework.test.context.support.DirtiesContextTestExecutionListener@60adea01, org.springframework.test.context.transaction.TransactionalTestExecutionListener@603042a5, org.springframework.test.context.jdbc.SqlScriptsTestExecutionListener@2295535f, org.springframework.test.context.event.EventPublishingTestExecutionListener@188f626a, org.springframework.boot.test.autoconfigure.restdocs.RestDocsTestExecutionListener@177d7e98, org.springframework.boot.test.autoconfigure.web.client.MockRestServiceServerResetTestExecutionListener@75ba33b8, org.springframework.boot.test.autoconfigure.web.servlet.MockMvcPrintOnlyOnFailureTestExecutionListener@7d3d89fb, org.springframework.boot.test.autoconfigure.web.servlet.WebDriverTestExecutionListener@1ec22804, org.springframework.boot.test.autoconfigure.webservices.client.MockWebServiceServerTestExecutionListener@62b71cfa, org.springframework.boot.test.mock.mockito.ResetMocksTestExecutionListener@46b4d4e7]
Hibernate: select nchainapp0_.id as id1_0_0_, nchainapp0_.image as image2_0_0_, nchainapp0_.name as name3_0_0_, nchainapp0_.ratings as ratings4_0_0_, nchainapp0_.score as score5_0_0_, nchainapp0_.size as size6_0_0_, nchainapp0_.store as store7_0_0_, nchainapp0_.type as type8_0_0_ from nchain_app nchainapp0_ where nchainapp0_.id=?
Hibernate: update nchain_app set image=?, name=?, ratings=?, score=?, size=?, store=?, type=? where id=?
]]></system-out>
  <system-err><![CDATA[]]></system-err>
</testsuite>
