<?xml version="1.0" encoding="UTF-8"?>
<testsuite name="com.nchain.controller.NchainControllerTest" tests="7" skipped="0" failures="0" errors="0" timestamp="2023-01-18T11:46:50" hostname="keudr" time="0.997">
  <properties/>
  <testcase name="index_sortedByImage_returnsValidValues()" classname="com.nchain.controller.NchainControllerTest" time="0.744"/>
  <testcase name="createNewNchainApp_returnsCreated()" classname="com.nchain.controller.NchainControllerTest" time="0.106"/>
  <testcase name="getNonExisting_returns404()" classname="com.nchain.controller.NchainControllerTest" time="0.032"/>
  <testcase name="search_findsValidRecords()" classname="com.nchain.controller.NchainControllerTest" time="0.045"/>
  <testcase name="indexReturnsFirstPage()" classname="com.nchain.controller.NchainControllerTest" time="0.015"/>
  <testcase name="getExisting_returnsOk()" classname="com.nchain.controller.NchainControllerTest" time="0.014"/>
  <testcase name="testControllerIsNotNull()" classname="com.nchain.controller.NchainControllerTest" time="0.036"/>
  <system-out><![CDATA[2023-01-18 12:46:48.894  INFO 122968 --- [    Test worker] .b.t.c.SpringBootTestContextBootstrapper : Neither @ContextConfiguration nor @ContextHierarchy found for test class [com.nchain.controller.NchainControllerTest], using SpringBootContextLoader
2023-01-18 12:46:48.895  INFO 122968 --- [    Test worker] o.s.t.c.support.AbstractContextLoader    : Could not detect default resource locations for test class [com.nchain.controller.NchainControllerTest]: no resource found for suffixes {-context.xml, Context.groovy}.
2023-01-18 12:46:48.895  INFO 122968 --- [    Test worker] t.c.s.AnnotationConfigContextLoaderUtils : Could not detect default configuration classes for test class [com.nchain.controller.NchainControllerTest]: NchainControllerTest does not declare any static, non-private, non-final, nested classes annotated with @Configuration.
2023-01-18 12:46:48.898  INFO 122968 --- [    Test worker] .b.t.c.SpringBootTestContextBootstrapper : Found @SpringBootConfiguration com.nchain.SpringBootApplication for test class com.nchain.controller.NchainControllerTest
2023-01-18 12:46:48.900  INFO 122968 --- [    Test worker] .b.t.c.SpringBootTestContextBootstrapper : Loaded default TestExecutionListener class names from location [META-INF/spring.factories]: [org.springframework.boot.test.autoconfigure.restdocs.RestDocsTestExecutionListener, org.springframework.boot.test.autoconfigure.web.client.MockRestServiceServerResetTestExecutionListener, org.springframework.boot.test.autoconfigure.web.servlet.MockMvcPrintOnlyOnFailureTestExecutionListener, org.springframework.boot.test.autoconfigure.web.servlet.WebDriverTestExecutionListener, org.springframework.boot.test.autoconfigure.webservices.client.MockWebServiceServerTestExecutionListener, org.springframework.boot.test.mock.mockito.MockitoTestExecutionListener, org.springframework.boot.test.mock.mockito.ResetMocksTestExecutionListener, org.springframework.test.context.web.ServletTestExecutionListener, org.springframework.test.context.support.DirtiesContextBeforeModesTestExecutionListener, org.springframework.test.context.event.ApplicationEventsTestExecutionListener, org.springframework.test.context.support.DependencyInjectionTestExecutionListener, org.springframework.test.context.support.DirtiesContextTestExecutionListener, org.springframework.test.context.transaction.TransactionalTestExecutionListener, org.springframework.test.context.jdbc.SqlScriptsTestExecutionListener, org.springframework.test.context.event.EventPublishingTestExecutionListener]
2023-01-18 12:46:48.900  INFO 122968 --- [    Test worker] .b.t.c.SpringBootTestContextBootstrapper : Using TestExecutionListeners: [org.springframework.test.context.web.ServletTestExecutionListener@2fad50f2, org.springframework.test.context.support.DirtiesContextBeforeModesTestExecutionListener@32192a69, org.springframework.test.context.event.ApplicationEventsTestExecutionListener@135f760a, org.springframework.boot.test.mock.mockito.MockitoTestExecutionListener@36e9fd4f, org.springframework.boot.test.autoconfigure.SpringBootDependencyInjectionTestExecutionListener@730611a0, org.springframework.test.context.support.DirtiesContextTestExecutionListener@8b727cb, org.springframework.test.context.transaction.TransactionalTestExecutionListener@6030eff1, org.springframework.test.context.jdbc.SqlScriptsTestExecutionListener@194a653d, org.springframework.test.context.event.EventPublishingTestExecutionListener@5a02fca5, org.springframework.boot.test.autoconfigure.restdocs.RestDocsTestExecutionListener@6b3a1151, org.springframework.boot.test.autoconfigure.web.client.MockRestServiceServerResetTestExecutionListener@c9234a0, org.springframework.boot.test.autoconfigure.web.servlet.MockMvcPrintOnlyOnFailureTestExecutionListener@46bbcb82, org.springframework.boot.test.autoconfigure.web.servlet.WebDriverTestExecutionListener@b91e024, org.springframework.boot.test.autoconfigure.webservices.client.MockWebServiceServerTestExecutionListener@309ac89e, org.springframework.boot.test.mock.mockito.ResetMocksTestExecutionListener@2db0dd19]

  .   ____          _            __ _ _
 /\\ / ___'_ __ _ _(_)_ __  __ _ \ \ \ \
( ( )\___ | '_ | '_| | '_ \/ _` | \ \ \ \
 \\/  ___)| |_)| | | | | || (_| |  ) ) ) )
  '  |____| .__|_| |_|_| |_\__, | / / / /
 =========|_|==============|___/=/_/_/_/
 :: Spring Boot ::                (v2.6.7)

2023-01-18 12:46:48.918  INFO 122968 --- [    Test worker] c.n.controller.NchainControllerTest      : Starting NchainControllerTest using Java 11.0.17 on keudr with PID 122968 (started by ml in /home/ml/kastor/work/git/nchain)
2023-01-18 12:46:48.918  INFO 122968 --- [    Test worker] c.n.controller.NchainControllerTest      : No active profile set, falling back to 1 default profile: "default"
2023-01-18 12:46:48.994  INFO 122968 --- [    Test worker] .s.d.r.c.RepositoryConfigurationDelegate : Bootstrapping Spring Data JPA repositories in DEFAULT mode.
2023-01-18 12:46:48.997  INFO 122968 --- [    Test worker] .s.d.r.c.RepositoryConfigurationDelegate : Finished Spring Data repository scanning in 3 ms. Found 1 JPA repository interfaces.
2023-01-18 12:46:49.181  INFO 122968 --- [    Test worker] o.s.b.w.embedded.tomcat.TomcatWebServer  : Tomcat initialized with port(s): 0 (http)
2023-01-18 12:46:49.188  INFO 122968 --- [    Test worker] o.apache.catalina.core.StandardService   : Starting service [Tomcat]
2023-01-18 12:46:49.189  INFO 122968 --- [    Test worker] org.apache.catalina.core.StandardEngine  : Starting Servlet engine: [Apache Tomcat/9.0.62]
2023-01-18 12:46:49.266  INFO 122968 --- [    Test worker] o.a.c.c.C.[Tomcat].[localhost].[/]       : Initializing Spring embedded WebApplicationContext
2023-01-18 12:46:49.267  INFO 122968 --- [    Test worker] w.s.c.ServletWebServerApplicationContext : Root WebApplicationContext: initialization completed in 347 ms
2023-01-18 12:46:49.344  INFO 122968 --- [    Test worker] com.zaxxer.hikari.HikariDataSource       : HikariPool-2 - Starting...
2023-01-18 12:46:49.345  INFO 122968 --- [    Test worker] com.zaxxer.hikari.HikariDataSource       : HikariPool-2 - Start completed.
2023-01-18 12:46:49.387  INFO 122968 --- [    Test worker] liquibase.lockservice                    : Successfully acquired change log lock
2023-01-18 12:46:49.405  INFO 122968 --- [    Test worker] liquibase.changelog                      : Reading resource: db/changelog/001-nchain_app.sql
2023-01-18 12:46:49.405  INFO 122968 --- [    Test worker] liquibase.changelog                      : Reading resource: db/changelog/002-insert-app.sql
2023-01-18 12:46:49.407  INFO 122968 --- [    Test worker] liquibase.changelog                      : Reading resource: test_changelog/001-insert-into-app.sql
2023-01-18 12:46:49.434  INFO 122968 --- [    Test worker] liquibase.changelog                      : Reading from DATABASECHANGELOG
2023-01-18 12:46:49.483  INFO 122968 --- [    Test worker] liquibase.lockservice                    : Successfully released change log lock
2023-01-18 12:46:49.530  INFO 122968 --- [    Test worker] o.hibernate.jpa.internal.util.LogHelper  : HHH000204: Processing PersistenceUnitInfo [name: default]
2023-01-18 12:46:49.534  INFO 122968 --- [    Test worker] org.hibernate.dialect.Dialect            : HHH000400: Using dialect: org.sqlite.hibernate.dialect.SQLiteDialect
2023-01-18 12:46:49.551  INFO 122968 --- [    Test worker] o.h.e.t.j.p.i.JtaPlatformInitiator       : HHH000490: Using JtaPlatform implementation: [org.hibernate.engine.transaction.jta.platform.internal.NoJtaPlatform]
2023-01-18 12:46:49.551  INFO 122968 --- [    Test worker] j.LocalContainerEntityManagerFactoryBean : Initialized JPA EntityManagerFactory for persistence unit 'default'
2023-01-18 12:46:49.616  WARN 122968 --- [    Test worker] JpaBaseConfiguration$JpaWebConfiguration : spring.jpa.open-in-view is enabled by default. Therefore, database queries may be performed during view rendering. Explicitly configure spring.jpa.open-in-view to disable this warning
2023-01-18 12:46:50.056  INFO 122968 --- [    Test worker] o.s.b.w.embedded.tomcat.TomcatWebServer  : Tomcat started on port(s): 46149 (http) with context path ''
2023-01-18 12:46:50.061  INFO 122968 --- [    Test worker] c.n.controller.NchainControllerTest      : Started NchainControllerTest in 1.16 seconds (JVM running for 5.805)
2023-01-18 12:46:50.643  INFO 122968 --- [o-auto-1-exec-1] o.a.c.c.C.[Tomcat].[localhost].[/]       : Initializing Spring DispatcherServlet 'dispatcherServlet'
2023-01-18 12:46:50.644  INFO 122968 --- [o-auto-1-exec-1] o.s.web.servlet.DispatcherServlet        : Initializing Servlet 'dispatcherServlet'
2023-01-18 12:46:50.644  INFO 122968 --- [o-auto-1-exec-1] o.s.web.servlet.DispatcherServlet        : Completed initialization in 0 ms
Hibernate: select nchainapp0_.id as id1_0_, nchainapp0_.image as image2_0_, nchainapp0_.name as name3_0_, nchainapp0_.ratings as ratings4_0_, nchainapp0_.score as score5_0_, nchainapp0_.size as size6_0_, nchainapp0_.store as store7_0_, nchainapp0_.type as type8_0_ from nchain_app nchainapp0_ order by nchainapp0_.image desc limit ?
Hibernate: select count(nchainapp0_.id) as col_0_0_ from nchain_app nchainapp0_
Hibernate: insert into nchain_app (image, name, ratings, score, size, store, type) values (?, ?, ?, ?, ?, ?, ?)
Hibernate: insert into nchain_app (image, name, ratings, score, size, store, type) values (?, ?, ?, ?, ?, ?, ?)
Hibernate: select nchainapp0_.id as id1_0_0_, nchainapp0_.image as image2_0_0_, nchainapp0_.name as name3_0_0_, nchainapp0_.ratings as ratings4_0_0_, nchainapp0_.score as score5_0_0_, nchainapp0_.size as size6_0_0_, nchainapp0_.store as store7_0_0_, nchainapp0_.type as type8_0_0_ from nchain_app nchainapp0_ where nchainapp0_.id=?
Hibernate: select nchainapp0_.id as id1_0_, nchainapp0_.image as image2_0_, nchainapp0_.name as name3_0_, nchainapp0_.ratings as ratings4_0_, nchainapp0_.score as score5_0_, nchainapp0_.size as size6_0_, nchainapp0_.store as store7_0_, nchainapp0_.type as type8_0_ from nchain_app nchainapp0_ where nchainapp0_.type=? and (nchainapp0_.name like ?) order by nchainapp0_.id asc limit ?
Hibernate: select nchainapp0_.id as id1_0_, nchainapp0_.image as image2_0_, nchainapp0_.name as name3_0_, nchainapp0_.ratings as ratings4_0_, nchainapp0_.score as score5_0_, nchainapp0_.size as size6_0_, nchainapp0_.store as store7_0_, nchainapp0_.type as type8_0_ from nchain_app nchainapp0_ order by nchainapp0_.id asc limit ?
Hibernate: select count(nchainapp0_.id) as col_0_0_ from nchain_app nchainapp0_
Hibernate: select nchainapp0_.id as id1_0_0_, nchainapp0_.image as image2_0_0_, nchainapp0_.name as name3_0_0_, nchainapp0_.ratings as ratings4_0_0_, nchainapp0_.score as score5_0_0_, nchainapp0_.size as size6_0_0_, nchainapp0_.store as store7_0_0_, nchainapp0_.type as type8_0_0_ from nchain_app nchainapp0_ where nchainapp0_.id=?
]]></system-out>
  <system-err><![CDATA[]]></system-err>
</testsuite>
